<?xml version="1.0" encoding="UTF-8"?>
<!-- Generated by org.testng.reporters.JUnitReportReporter -->
<testsuite hostname="Midhuna" failures="0" tests="60" name="parallel.TestNGRunnerNG1" time="694.766" errors="0" timestamp="2024-04-22T12:55:20 CDT" skipped="0">
  <testcase classname="parallel.TestNGRunnerNG1" name="runScenario" time="8.288"/>
  <testcase classname="parallel.TestNGRunnerNG1" name="runScenario" time="10.312"/>
  <testcase classname="parallel.TestNGRunnerNG1" name="runScenario" time="10.055"/>
  <testcase classname="parallel.TestNGRunnerNG1" name="runScenario" time="10.668"/>
  <testcase classname="parallel.TestNGRunnerNG1" name="runScenario" time="15.169"/>
  <testcase classname="parallel.TestNGRunnerNG1" name="runScenario" time="6.503"/>
  <testcase classname="parallel.TestNGRunnerNG1" name="runScenario" time="6.014"/>
  <testcase classname="parallel.TestNGRunnerNG1" name="runScenario" time="16.702"/>
  <testcase classname="parallel.TestNGRunnerNG1" name="runScenario" time="7.808"/>
  <testcase classname="parallel.TestNGRunnerNG1" name="runScenario" time="16.877"/>
  <testcase classname="parallel.TestNGRunnerNG1" name="runScenario" time="13.088"/>
  <testcase classname="parallel.TestNGRunnerNG1" name="runScenario" time="14.843"/>
  <testcase classname="parallel.TestNGRunnerNG1" name="runScenario" time="6.339"/>
  <testcase classname="parallel.TestNGRunnerNG1" name="runScenario" time="3.417"/>
  <testcase classname="parallel.TestNGRunnerNG1" name="runScenario" time="5.421"/>
  <testcase classname="parallel.TestNGRunnerNG1" name="runScenario" time="13.994"/>
  <testcase classname="parallel.TestNGRunnerNG1" name="runScenario" time="11.357"/>
  <testcase classname="parallel.TestNGRunnerNG1" name="runScenario" time="15.527"/>
  <testcase classname="parallel.TestNGRunnerNG1" name="runScenario" time="10.354"/>
  <testcase classname="parallel.TestNGRunnerNG1" name="runScenario" time="5.079"/>
  <testcase classname="parallel.TestNGRunnerNG1" name="runScenario" time="15.556"/>
  <testcase classname="parallel.TestNGRunnerNG1" name="runScenario" time="4.557"/>
  <testcase classname="parallel.TestNGRunnerNG1" name="runScenario" time="6.295"/>
  <testcase classname="parallel.TestNGRunnerNG1" name="runScenario" time="17.310"/>
  <testcase classname="parallel.TestNGRunnerNG1" name="runScenario" time="16.055"/>
  <testcase classname="parallel.TestNGRunnerNG1" name="runScenario" time="9.962"/>
  <testcase classname="parallel.TestNGRunnerNG1" name="runScenario" time="15.939"/>
  <testcase classname="parallel.TestNGRunnerNG1" name="runScenario" time="11.721"/>
  <testcase classname="parallel.TestNGRunnerNG1" name="runScenario" time="10.220"/>
  <testcase classname="parallel.TestNGRunnerNG1" name="runScenario" time="8.765"/>
  <testcase classname="parallel.TestNGRunnerNG1" name="runScenario" time="15.711"/>
  <testcase classname="parallel.TestNGRunnerNG1" name="runScenario" time="6.596"/>
  <testcase classname="parallel.TestNGRunnerNG1" name="runScenario" time="16.769"/>
  <testcase classname="parallel.TestNGRunnerNG1" name="runScenario" time="14.043"/>
  <testcase classname="parallel.TestNGRunnerNG1" name="runScenario" time="15.467"/>
  <testcase classname="parallel.TestNGRunnerNG1" name="runScenario" time="13.174"/>
  <testcase classname="parallel.TestNGRunnerNG1" name="runScenario" time="12.845"/>
  <testcase classname="parallel.TestNGRunnerNG1" name="runScenario" time="16.454"/>
  <testcase classname="parallel.TestNGRunnerNG1" name="runScenario" time="10.303"/>
  <testcase classname="parallel.TestNGRunnerNG1" name="runScenario" time="15.205"/>
  <testcase classname="parallel.TestNGRunnerNG1" name="runScenario" time="17.255"/>
  <testcase classname="parallel.TestNGRunnerNG1" name="runScenario" time="15.404"/>
  <testcase classname="parallel.TestNGRunnerNG1" name="runScenario" time="10.979"/>
  <testcase classname="parallel.TestNGRunnerNG1" name="runScenario" time="6.172"/>
  <testcase classname="parallel.TestNGRunnerNG1" name="runScenario" time="11.818"/>
  <testcase classname="parallel.TestNGRunnerNG1" name="runScenario" time="13.598"/>
  <testcase classname="parallel.TestNGRunnerNG1" name="runScenario" time="13.654"/>
  <testcase classname="parallel.TestNGRunnerNG1" name="runScenario" time="4.068"/>
  <testcase classname="parallel.TestNGRunnerNG1" name="runScenario" time="8.430"/>
  <testcase classname="parallel.TestNGRunnerNG1" name="runScenario" time="2.903"/>
  <testcase classname="parallel.TestNGRunnerNG1" name="runScenario" time="17.669"/>
  <testcase classname="parallel.TestNGRunnerNG1" name="runScenario" time="16.716"/>
  <testcase classname="parallel.TestNGRunnerNG1" name="runScenario" time="15.532"/>
  <testcase classname="parallel.TestNGRunnerNG1" name="runScenario" time="16.426"/>
  <testcase classname="parallel.TestNGRunnerNG1" name="runScenario" time="5.477"/>
  <testcase classname="parallel.TestNGRunnerNG1" name="runScenario" time="7.449"/>
  <testcase classname="parallel.TestNGRunnerNG1" name="runScenario" time="8.059"/>
  <testcase classname="parallel.TestNGRunnerNG1" name="runScenario" time="15.558"/>
  <testcase classname="parallel.TestNGRunnerNG1" name="runScenario" time="12.838"/>
  <testcase classname="parallel.TestNGRunnerNG1" name="runScenario" time="13.999"/>
</testsuite> <!-- parallel.TestNGRunnerNG1 -->
